<?xml version="1.0" encoding="UTF-8"?>
<!-- Generated by org.testng.reporters.JUnitXMLReporter -->
<testsuite ignored="0" hostname="FFE-Khushi-Dinesh-Gupta" failures="0" tests="1" name="Test-Runner-Chrome" time="0.069" errors="0" timestamp="2025-08-20T12:39:18 IST">
  <testcase classname="ninzaCRM.genericUtilities.BaseClass" name="@BeforeTest bcConfig" time="-1.755673758454E9">
    <failure type="org.testng.TestNGException" message="
Parameter &amp;apos;BROWSER&amp;apos; is required by BeforeTest on method bcConfig but has not been marked @Optional or defined
in C:\Selenium\FireFlink.ninzaCRM.AutoamtionFramework\CrossBrowserTestng.xml">
      <![CDATA[org.testng.TestNGException: 
Parameter 'BROWSER' is required by BeforeTest on method bcConfig but has not been marked @Optional or defined
in C:\Selenium\FireFlink.ninzaCRM.AutoamtionFramework\CrossBrowserTestng.xml
... Removed 21 stack frames]]>
    </failure>
  </testcase> <!-- @BeforeTest bcConfig -->
  <testcase classname="ninzaCRM.genericUtilities.BaseClass" name="@BeforeMethod bmConfig" time="0.0">
    <skipped/>
  </testcase> <!-- @BeforeMethod bmConfig -->
  <testcase classname="ninzaCRM.genericUtilities.BaseClass" name="@AfterMethod amConfig" time="0.0">
    <skipped/>
  </testcase> <!-- @AfterMethod amConfig -->
  <testcase classname="ninzaCRM.genericUtilities.BaseClass" name="@AfterTest acConifg" time="0.0">
    <skipped/>
  </testcase> <!-- @AfterTest acConifg -->
  <testcase classname="practice.CrossBrowserExecution" name="sample1" time="0.0">
    <skipped/>
  </testcase> <!-- sample1 -->
</testsuite> <!-- Test-Runner-Chrome -->
